<?xml version="1.0" encoding="UTF-8"?>
<!-- Generated by org.testng.reporters.JUnitReportReporter -->
<testsuite hostname="HomeS-ой" failures="0" tests="1" name="com.demoqa.testDemo.DemoTest" time="11.043" errors="0" timestamp="16 Feb 2020 19:18:40 GMT">
  <testcase classname="com.demoqa.testDemo.DemoTest" name="sortable" time="11.043"/>
</testsuite> <!-- com.demoqa.testDemo.DemoTest -->
